info: User 799237986 subscribed to channel testchannel2.
info: User 799237986 subscribed to channel Ньюсач/Двач.
info: User 799237986 subscribed to channel testchannel1.
info: Received update: {"update_id":811979188,"message":{"message_id":41,"from":{"id":799237986,"is_bot":false,"first_name":"Влад","username":"golfie0","language_code":"ru","is_premium":true},"chat":{"id":799237986,"first_name":"Влад","username":"golfie0","type":"private"},"date":1702727367,"text":"@fdgdfghfdhd","entities":[{"offset":0,"length":12,"type":"mention"}]}}
info: User 799237986 subscribed to channel testchannel1.
info: User 799237986 subscribed to channel Ньюсач/Двач.
info: User 799237986 subscribed to channel testchannel1.
info: User 799237986 subscribed to channel testchannel1.
info: User 799237986 subscribed to channel testchannel2.
info: User 799237986 subscribed to channel testchannel1.
info: User 799237986 subscribed to channel testchannel2.
info: User 799237986 subscribed to channel testchannel2.
info: User 799237986 subscribed to channel testchannel1.
info: Received channel post from channel hgghkgdddh.
info: Received channel post from channel hgghkgdddh.
info: Received channel post from channel hgghkgdddh.
info: User 799237986 subscribed to channel testchannel1.
info: User 799237986 subscribed to channel testchannel2.
warn: User 799237986 provided an incorrect channel link or username.
info: Received channel post from channel hgghkgdddh.
info: Received channel post from channel hgghkgdddh.
info: User 799237986 started the bot.
